

Mon Oct 30 17:21:58 WAT 2023
Entered URL
++++++++++++++++++++++++++++++++++++++++++++++++++
https://github.com/alx-tools/0x1C.c/blob/master/binary_tree_print.c
++++++++++++++++++++++++++++++++++++++++++++++++++
================================================
Cloning https://github.com/alx-tools/0x1C.c/blob/master/binary_tree_print.c...
Filename from repo binary_tree_print.c
binary_tree_print.c
Local filename binary_tree_print.c
================================================




Wed Nov  1 23:09:42 WAT 2023
Entered URL
++++++++++++++++++++++++++++++++++++++++++++++++++
https://github.com/ShegzBit/binary_trees/blob/main/16-binary_tree_is_perfect.c
++++++++++++++++++++++++++++++++++++++++++++++++++
================================================
Cloning https://github.com/ShegzBit/binary_trees/blob/main/16-binary_tree_is_perfect.c...
Filename from repo 16-binary_tree_is_perfect.c
16-binary_tree_is_perfect.c
Local filename 16.bck
================================================


